<?xml version="1.0" encoding="UTF-8"?>
<!-- Generated by org.testng.reporters.JUnitReportReporter -->
<testsuite skipped="0" hostname="Gakis-DI" name="ru.rgs.WebTests.bdd.OaTests" tests="1" failures="0" timestamp="11 фев 2019 09:38:42 GMT" time="24.058" errors="0">
  <testcase name="feature" time="24.058" classname="ru.rgs.WebTests.bdd.OaTests"/>
</testsuite> <!-- ru.rgs.WebTests.bdd.OaTests -->
